  neuralNetwork.cpp
c:\users\pedro\documents\proyectos propios\ai_cpp\project1\project1\timer.h(14): warning C4244: 'return': conversion from 'time_t' to 'int', possible loss of data
c:\users\pedro\documents\proyectos propios\ai_cpp\project1\project1\neuralnetwork.h(19): warning C4244: 'initializing': conversion from 'double' to 'int', possible loss of data
c:\users\pedro\documents\proyectos propios\ai_cpp\project1\project1\neuralnetwork.h(25): warning C4244: '=': conversion from 'double' to 'int', possible loss of data
c:\users\pedro\documents\proyectos propios\ai_cpp\project1\project1\neuralnetwork.cpp(32): warning C4018: '<': signed/unsigned mismatch
c:\users\pedro\documents\proyectos propios\ai_cpp\project1\project1\neuralnetwork.cpp(43): warning C4018: '<': signed/unsigned mismatch
c:\users\pedro\documents\proyectos propios\ai_cpp\project1\project1\neuralnetwork.cpp(44): warning C4244: 'argument': conversion from 'float' to 'const int', possible loss of data
c:\users\pedro\documents\proyectos propios\ai_cpp\project1\project1\neuralnetwork.cpp(77): warning C4244: 'initializing': conversion from '__int64' to 'float', possible loss of data
c:\users\pedro\documents\proyectos propios\ai_cpp\project1\project1\neuralnetwork.cpp(91): warning C4244: 'initializing': conversion from '__int64' to 'float', possible loss of data
c:\users\pedro\documents\proyectos propios\ai_cpp\project1\project1\neuralnetwork.cpp(100): warning C4244: 'initializing': conversion from '__int64' to 'float', possible loss of data
c:\users\pedro\documents\proyectos propios\ai_cpp\project1\project1\neuralnetwork.cpp(107): warning C4018: '<': signed/unsigned mismatch
c:\users\pedro\documents\proyectos propios\ai_cpp\project1\project1\neuralnetwork.cpp(110): warning C4244: 'initializing': conversion from '__int64' to 'int', possible loss of data
c:\users\pedro\documents\proyectos propios\ai_cpp\project1\project1\neuralnetwork.cpp(133): warning C4244: 'initializing': conversion from 'float' to 'int', possible loss of data
c:\users\pedro\documents\proyectos propios\ai_cpp\project1\project1\neuralnetwork.cpp(134): warning C4244: '=': conversion from 'int' to '_Ty', possible loss of data
          with
          [
              _Ty=float
          ]
c:\users\pedro\documents\proyectos propios\ai_cpp\project1\project1\neuralnetwork.cpp(151): warning C4244: '+=': conversion from 'float' to 'int', possible loss of data
c:\users\pedro\documents\proyectos propios\ai_cpp\project1\project1\neuralnetwork.cpp(153): warning C4244: '=': conversion from 'int' to '_Ty', possible loss of data
          with
          [
              _Ty=float
          ]
c:\users\pedro\documents\proyectos propios\ai_cpp\project1\project1\neuralnetwork.cpp(191): warning C4018: '<': signed/unsigned mismatch
c:\users\pedro\documents\proyectos propios\ai_cpp\project1\project1\neuralnetwork.cpp(211): warning C4244: 'initializing': conversion from '__int64' to 'float', possible loss of data
c:\users\pedro\documents\proyectos propios\ai_cpp\project1\project1\neuralnetwork.cpp(228): warning C4018: '<': signed/unsigned mismatch
c:\users\pedro\documents\proyectos propios\ai_cpp\project1\project1\neuralnetwork.cpp(248): warning C4018: '<': signed/unsigned mismatch
c:\users\pedro\documents\proyectos propios\ai_cpp\project1\project1\neuralnetwork.cpp(302): warning C4018: '<': signed/unsigned mismatch
c:\users\pedro\documents\proyectos propios\ai_cpp\project1\project1\neuralnetwork.cpp(323): warning C4018: '<': signed/unsigned mismatch
c:\users\pedro\documents\proyectos propios\ai_cpp\project1\project1\neuralnetwork.cpp(327): warning C4018: '<': signed/unsigned mismatch
  Project1.vcxproj -> C:\Users\pedro\Documents\Proyectos propios\AI_cpp\Project1\Debug\Project1.exe
